<?xml version="1.0" encoding="UTF-8"?>
<testng-results skipped="0" failed="1" total="6" passed="5">
  <reporter-output>
  </reporter-output>
  <suite name="Default suite" duration-ms="68120" started-at="2019-08-27T06:30:05Z" finished-at="2019-08-27T06:31:14Z">
    <groups>
      <group name="Link Test">
        <method signature="GoogleTest.mailLinkTest()[pri:2, instance:com.test.GoogleTest@591f989e]" name="mailLinkTest" class="com.test.GoogleTest"/>
      </group> <!-- Link Test -->
      <group name="Test">
        <method signature="GoogleTest.test1()[pri:4, instance:com.test.GoogleTest@591f989e]" name="test1" class="com.test.GoogleTest"/>
        <method signature="GoogleTest.test2()[pri:5, instance:com.test.GoogleTest@591f989e]" name="test2" class="com.test.GoogleTest"/>
        <method signature="GoogleTest.test3()[pri:6, instance:com.test.GoogleTest@591f989e]" name="test3" class="com.test.GoogleTest"/>
      </group> <!-- Test -->
      <group name="Title">
        <method signature="GoogleTest.googleTitleTest()[pri:1, instance:com.test.GoogleTest@591f989e]" name="googleTitleTest" class="com.test.GoogleTest"/>
      </group> <!-- Title -->
      <group name="Logo">
        <method signature="GoogleTest.googleLogoTest()[pri:3, instance:com.test.GoogleTest@591f989e]" name="googleLogoTest" class="com.test.GoogleTest"/>
      </group> <!-- Logo -->
    </groups>
    <test name="Default test" duration-ms="68120" started-at="2019-08-27T06:30:05Z" finished-at="2019-08-27T06:31:14Z">
      <class name="com.test.GoogleTest">
        <test-method status="PASS" signature="setUp()[pri:0, instance:com.test.GoogleTest@591f989e]" name="setUp" is-config="true" duration-ms="5766" started-at="2019-08-27T12:00:05Z" finished-at="2019-08-27T12:00:11Z">
          <reporter-output>
          </reporter-output>
        </test-method> <!-- setUp -->
        <test-method status="PASS" signature="googleTitleTest()[pri:1, instance:com.test.GoogleTest@591f989e]" name="googleTitleTest" duration-ms="15" started-at="2019-08-27T12:00:11Z" finished-at="2019-08-27T12:00:11Z">
          <reporter-output>
          </reporter-output>
        </test-method> <!-- googleTitleTest -->
        <test-method status="PASS" signature="tearDown()[pri:0, instance:com.test.GoogleTest@591f989e]" name="tearDown" is-config="true" duration-ms="874" started-at="2019-08-27T12:00:11Z" finished-at="2019-08-27T12:00:12Z">
          <reporter-output>
          </reporter-output>
        </test-method> <!-- tearDown -->
        <test-method status="PASS" signature="setUp()[pri:0, instance:com.test.GoogleTest@591f989e]" name="setUp" is-config="true" duration-ms="5741" started-at="2019-08-27T12:00:12Z" finished-at="2019-08-27T12:00:18Z">
          <reporter-output>
          </reporter-output>
        </test-method> <!-- setUp -->
        <test-method status="FAIL" signature="mailLinkTest()[pri:2, instance:com.test.GoogleTest@591f989e]" name="mailLinkTest" duration-ms="30076" started-at="2019-08-27T12:00:18Z" finished-at="2019-08-27T12:00:48Z">
          <exception class="org.openqa.selenium.NoSuchElementException">
            <message>
              <![CDATA[no such element: Unable to locate element: {"method":"link text","selector":"GMail"}
  (Session info: chrome=76.0.3809.100)
For documentation on this error, please visit: https://www.seleniumhq.org/exceptions/no_such_element.html
Build info: version: '3.141.59', revision: 'e82be7d358', time: '2018-11-14T08:25:48'
System info: host: 'IN-00210975', ip: '100.96.239.162', os.name: 'Windows 10', os.arch: 'amd64', os.version: '10.0', java.version: '1.8.0_212'
Driver info: org.openqa.selenium.chrome.ChromeDriver
Capabilities {acceptInsecureCerts: false, browserName: chrome, browserVersion: 76.0.3809.100, chrome: {chromedriverVersion: 76.0.3809.68 (420c9498db8ce..., userDataDir: C:\Users\etlwmnl\AppData\Lo...}, goog:chromeOptions: {debuggerAddress: localhost:49752}, javascriptEnabled: true, networkConnectionEnabled: false, pageLoadStrategy: normal, platform: XP, platformName: XP, proxy: Proxy(), setWindowRect: true, strictFileInteractability: false, timeouts: {implicit: 0, pageLoad: 300000, script: 30000}, unhandledPromptBehavior: dismiss and notify}
Session ID: 588a8e380781f9dd3ace8778608ea8d8
*** Element info: {Using=link text, value=GMail}]]>
            </message>
            <full-stacktrace>
              <![CDATA[org.openqa.selenium.NoSuchElementException: no such element: Unable to locate element: {"method":"link text","selector":"GMail"}
  (Session info: chrome=76.0.3809.100)
For documentation on this error, please visit: https://www.seleniumhq.org/exceptions/no_such_element.html
Build info: version: '3.141.59', revision: 'e82be7d358', time: '2018-11-14T08:25:48'
System info: host: 'IN-00210975', ip: '100.96.239.162', os.name: 'Windows 10', os.arch: 'amd64', os.version: '10.0', java.version: '1.8.0_212'
Driver info: org.openqa.selenium.chrome.ChromeDriver
Capabilities {acceptInsecureCerts: false, browserName: chrome, browserVersion: 76.0.3809.100, chrome: {chromedriverVersion: 76.0.3809.68 (420c9498db8ce..., userDataDir: C:\Users\etlwmnl\AppData\Lo...}, goog:chromeOptions: {debuggerAddress: localhost:49752}, javascriptEnabled: true, networkConnectionEnabled: false, pageLoadStrategy: normal, platform: XP, platformName: XP, proxy: Proxy(), setWindowRect: true, strictFileInteractability: false, timeouts: {implicit: 0, pageLoad: 300000, script: 30000}, unhandledPromptBehavior: dismiss and notify}
Session ID: 588a8e380781f9dd3ace8778608ea8d8
*** Element info: {Using=link text, value=GMail}
	at sun.reflect.NativeConstructorAccessorImpl.newInstance0(Native Method)
	at sun.reflect.NativeConstructorAccessorImpl.newInstance(Unknown Source)
	at sun.reflect.DelegatingConstructorAccessorImpl.newInstance(Unknown Source)
	at java.lang.reflect.Constructor.newInstance(Unknown Source)
	at org.openqa.selenium.remote.http.W3CHttpResponseCodec.createException(W3CHttpResponseCodec.java:187)
	at org.openqa.selenium.remote.http.W3CHttpResponseCodec.decode(W3CHttpResponseCodec.java:122)
	at org.openqa.selenium.remote.http.W3CHttpResponseCodec.decode(W3CHttpResponseCodec.java:49)
	at org.openqa.selenium.remote.HttpCommandExecutor.execute(HttpCommandExecutor.java:158)
	at org.openqa.selenium.remote.service.DriverCommandExecutor.execute(DriverCommandExecutor.java:83)
	at org.openqa.selenium.remote.RemoteWebDriver.execute(RemoteWebDriver.java:552)
	at org.openqa.selenium.remote.RemoteWebDriver.findElement(RemoteWebDriver.java:323)
	at org.openqa.selenium.remote.RemoteWebDriver.findElementByLinkText(RemoteWebDriver.java:380)
	at org.openqa.selenium.By$ByLinkText.findElement(By.java:220)
	at org.openqa.selenium.remote.RemoteWebDriver.findElement(RemoteWebDriver.java:315)
	at com.test.GoogleTest.mailLinkTest(GoogleTest.java:47)
	at sun.reflect.NativeMethodAccessorImpl.invoke0(Native Method)
	at sun.reflect.NativeMethodAccessorImpl.invoke(Unknown Source)
	at sun.reflect.DelegatingMethodAccessorImpl.invoke(Unknown Source)
	at java.lang.reflect.Method.invoke(Unknown Source)
	at org.testng.internal.MethodInvocationHelper.invokeMethod(MethodInvocationHelper.java:86)
	at org.testng.internal.Invoker.invokeMethod(Invoker.java:645)
	at org.testng.internal.Invoker.invokeTestMethod(Invoker.java:822)
	at org.testng.internal.Invoker.invokeTestMethods(Invoker.java:1130)
	at org.testng.internal.TestMethodWorker.invokeTestMethods(TestMethodWorker.java:129)
	at org.testng.internal.TestMethodWorker.run(TestMethodWorker.java:112)
	at org.testng.TestRunner.privateRun(TestRunner.java:782)
	at org.testng.TestRunner.run(TestRunner.java:632)
	at org.testng.SuiteRunner.runTest(SuiteRunner.java:366)
	at org.testng.SuiteRunner.runSequentially(SuiteRunner.java:361)
	at org.testng.SuiteRunner.privateRun(SuiteRunner.java:319)
	at org.testng.SuiteRunner.run(SuiteRunner.java:268)
	at org.testng.SuiteRunnerWorker.runSuite(SuiteRunnerWorker.java:52)
	at org.testng.SuiteRunnerWorker.run(SuiteRunnerWorker.java:86)
	at org.testng.TestNG.runSuitesSequentially(TestNG.java:1244)
	at org.testng.TestNG.runSuitesLocally(TestNG.java:1169)
	at org.testng.TestNG.run(TestNG.java:1064)
	at org.testng.remote.RemoteTestNG.run(RemoteTestNG.java:113)
	at org.testng.remote.RemoteTestNG.initAndRun(RemoteTestNG.java:206)
	at org.testng.remote.RemoteTestNG.main(RemoteTestNG.java:177)
]]>
            </full-stacktrace>
          </exception> <!-- org.openqa.selenium.NoSuchElementException -->
          <reporter-output>
          </reporter-output>
        </test-method> <!-- mailLinkTest -->
        <test-method status="PASS" signature="tearDown()[pri:0, instance:com.test.GoogleTest@591f989e]" name="tearDown" is-config="true" duration-ms="770" started-at="2019-08-27T12:00:48Z" finished-at="2019-08-27T12:00:49Z">
          <reporter-output>
          </reporter-output>
        </test-method> <!-- tearDown -->
        <test-method status="PASS" signature="setUp()[pri:0, instance:com.test.GoogleTest@591f989e]" name="setUp" is-config="true" duration-ms="5547" started-at="2019-08-27T12:00:49Z" finished-at="2019-08-27T12:00:54Z">
          <reporter-output>
          </reporter-output>
        </test-method> <!-- setUp -->
        <test-method status="PASS" signature="googleLogoTest()[pri:3, instance:com.test.GoogleTest@591f989e]" name="googleLogoTest" duration-ms="72" started-at="2019-08-27T12:00:54Z" finished-at="2019-08-27T12:00:54Z">
          <reporter-output>
          </reporter-output>
        </test-method> <!-- googleLogoTest -->
        <test-method status="PASS" signature="tearDown()[pri:0, instance:com.test.GoogleTest@591f989e]" name="tearDown" is-config="true" duration-ms="848" started-at="2019-08-27T12:00:54Z" finished-at="2019-08-27T12:00:55Z">
          <reporter-output>
          </reporter-output>
        </test-method> <!-- tearDown -->
        <test-method status="PASS" signature="setUp()[pri:0, instance:com.test.GoogleTest@591f989e]" name="setUp" is-config="true" duration-ms="5277" started-at="2019-08-27T12:00:55Z" finished-at="2019-08-27T12:01:00Z">
          <reporter-output>
          </reporter-output>
        </test-method> <!-- setUp -->
        <test-method status="PASS" signature="test1()[pri:4, instance:com.test.GoogleTest@591f989e]" name="test1" duration-ms="1" started-at="2019-08-27T12:01:00Z" finished-at="2019-08-27T12:01:00Z">
          <reporter-output>
          </reporter-output>
        </test-method> <!-- test1 -->
        <test-method status="PASS" signature="tearDown()[pri:0, instance:com.test.GoogleTest@591f989e]" name="tearDown" is-config="true" duration-ms="874" started-at="2019-08-27T12:01:00Z" finished-at="2019-08-27T12:01:01Z">
          <reporter-output>
          </reporter-output>
        </test-method> <!-- tearDown -->
        <test-method status="PASS" signature="setUp()[pri:0, instance:com.test.GoogleTest@591f989e]" name="setUp" is-config="true" duration-ms="5167" started-at="2019-08-27T12:01:01Z" finished-at="2019-08-27T12:01:07Z">
          <reporter-output>
          </reporter-output>
        </test-method> <!-- setUp -->
        <test-method status="PASS" signature="test2()[pri:5, instance:com.test.GoogleTest@591f989e]" name="test2" duration-ms="3" started-at="2019-08-27T12:01:07Z" finished-at="2019-08-27T12:01:07Z">
          <reporter-output>
          </reporter-output>
        </test-method> <!-- test2 -->
        <test-method status="PASS" signature="tearDown()[pri:0, instance:com.test.GoogleTest@591f989e]" name="tearDown" is-config="true" duration-ms="869" started-at="2019-08-27T12:01:07Z" finished-at="2019-08-27T12:01:07Z">
          <reporter-output>
          </reporter-output>
        </test-method> <!-- tearDown -->
        <test-method status="PASS" signature="setUp()[pri:0, instance:com.test.GoogleTest@591f989e]" name="setUp" is-config="true" duration-ms="5319" started-at="2019-08-27T12:01:07Z" finished-at="2019-08-27T12:01:13Z">
          <reporter-output>
          </reporter-output>
        </test-method> <!-- setUp -->
        <test-method status="PASS" signature="test3()[pri:6, instance:com.test.GoogleTest@591f989e]" name="test3" duration-ms="1" started-at="2019-08-27T12:01:13Z" finished-at="2019-08-27T12:01:13Z">
          <reporter-output>
          </reporter-output>
        </test-method> <!-- test3 -->
        <test-method status="PASS" signature="tearDown()[pri:0, instance:com.test.GoogleTest@591f989e]" name="tearDown" is-config="true" duration-ms="871" started-at="2019-08-27T12:01:13Z" finished-at="2019-08-27T12:01:14Z">
          <reporter-output>
          </reporter-output>
        </test-method> <!-- tearDown -->
      </class> <!-- com.test.GoogleTest -->
    </test> <!-- Default test -->
  </suite> <!-- Default suite -->
</testng-results>
